<?xml version="1.0" encoding="UTF-8"?>
<Site BuildName="(empty)"
	BuildStamp="20240122-1031-Experimental"
	Name="hamoudy-laptop"
	Generator="ctest-3.22.1"
	CompilerName="/usr/bin/g++"
	CompilerVersion="11.4.0"
	OSName="Linux"
	Hostname="hamoudy-laptop"
	OSRelease="5.15.133.1-microsoft-standard-WSL2"
	OSVersion="#1 SMP Thu Oct 5 21:02:42 UTC 2023"
	OSPlatform="x86_64"
	Is64Bits="1"
	VendorString="AuthenticAMD"
	VendorID="Advanced Micro Devices"
	FamilyID="23"
	ModelID="24"
	ProcessorCacheSize="512"
	NumberOfLogicalCPU="8"
	NumberOfPhysicalCPU="4"
	TotalVirtualMemory="2048"
	TotalPhysicalMemory="6903"
	LogicalProcessorsPerPhysical="2"
	ProcessorClockFrequency="2295.62"
	>
	<Testing>
		<StartDateTime>Jan 22 13:31 +03</StartDateTime>
		<StartTestTime>1705919479</StartTestTime>
		<TestList/>
		<EndDateTime>Jan 22 13:31 +03</EndDateTime>
		<EndTestTime>1705919479</EndTestTime>
		<ElapsedMinutes>0</ElapsedMinutes>
	</Testing>
</Site>
